 obs_sequence
obs_type_definitions
           1
           1 RAW_STATE_VARIABLE             
  num_copies:            0  num_qc:            0
  num_obs:           20  max_num_obs:           20
  first:            1  last:           20
 OBS            1
          -1           2          -1
obdef
loc1d
   0.0125000000000000
kind
           1
     0          1
   1.0000000000000000     
 OBS            2
           1           3          -1
obdef
loc1d
   0.0625000000000000
kind
           1
     0          1
   1.0000000000000000     
 OBS            3
           2           4          -1
obdef
loc1d
   0.1125000000000000
kind
           1
     0          1
   1.0000000000000000     
 OBS            4
           3           5          -1
obdef
loc1d
   0.1625000000000000
kind
           1
     0          1
   1.0000000000000000     
 OBS            5
           4           6          -1
obdef
loc1d
   0.2125000000000000
kind
           1
     0          1
   1.0000000000000000     
 OBS            6
           5           7          -1
obdef
loc1d
   0.2625000000000000
kind
           1
     0          1
   1.0000000000000000     
 OBS            7
           6           8          -1
obdef
loc1d
   0.3125000000000000
kind
           1
     0          1
   1.0000000000000000     
 OBS            8
           7           9          -1
obdef
loc1d
   0.3625000000000000
kind
           1
     0          1
   1.0000000000000000     
 OBS            9
           8          10          -1
obdef
loc1d
   0.4125000000000000
kind
           1
     0          1
   1.0000000000000000     
 OBS           10
           9          11          -1
obdef
loc1d
   0.4625000000000000
kind
           1
     0          1
   1.0000000000000000     
 OBS           11
          10          12          -1
obdef
loc1d
   0.5125000000000000
kind
           1
     0          1
   1.0000000000000000     
 OBS           12
          11          13          -1
obdef
loc1d
   0.5625000000000000
kind
           1
     0          1
   1.0000000000000000     
 OBS           13
          12          14          -1
obdef
loc1d
   0.6125000000000000
kind
           1
     0          1
   1.0000000000000000     
 OBS           14
          13          15          -1
obdef
loc1d
   0.6625000000000000
kind
           1
     0          1
   1.0000000000000000     
 OBS           15
          14          16          -1
obdef
loc1d
   0.7125000000000000
kind
           1
     0          1
   1.0000000000000000     
 OBS           16
          15          17          -1
obdef
loc1d
   0.7625000000000000
kind
           1
     0          1
   1.0000000000000000     
 OBS           17
          16          18          -1
obdef
loc1d
   0.8125000000000000
kind
           1
     0          1
   1.0000000000000000     
 OBS           18
          17          19          -1
obdef
loc1d
   0.8625000000000000
kind
           1
     0          1
   1.0000000000000000     
 OBS           19
          18          20          -1
obdef
loc1d
   0.9125000000000000
kind
           1
     0          1
   1.0000000000000000     
 OBS           20
          19          -1          -1
obdef
loc1d
   0.9625000000000000
kind
           1
     0          1
   1.0000000000000000     
