 obs_sequence
obs_type_definitions
           0
  num_copies:            2  num_qc:            1
  num_obs:            9  max_num_obs:            9
observations                                                    
truth                                                           
Quality Control                                                 
  first:            1  last:            9
 OBS            1
  -5.2050066119893614     
  -5.5837856357004796     
   0.0000000000000000     
          -1           2          -1
obdef
loc1d
   0.0000000000000000
kind
          -1
     0          0
   8.0000000000000000     
 OBS            2
  0.17246827547169657     
  0.35659085208071700     
   0.0000000000000000     
           1           3          -1
obdef
loc1d
   0.3333333333333333
kind
          -2
     0          0
   8.0000000000000000     
 OBS            3
   30.603407239151117     
   30.852594474164199     
   0.0000000000000000     
           2           4          -1
obdef
loc1d
   0.6666666666666666
kind
          -3
     0          0
   8.0000000000000000     
 OBS            4
  -4.4677272571029869     
  -4.0038291099564436     
   0.0000000000000000     
           3           5          -1
obdef
loc1d
   0.0000000000000000
kind
          -1
 10800          0
   8.0000000000000000     
 OBS            5
  -5.1118514749585149     
  0.58312382730113077     
   0.0000000000000000     
           4           6          -1
obdef
loc1d
   0.3333333333333333
kind
          -2
 10800          0
   8.0000000000000000     
 OBS            6
   25.340398389476981     
   28.411411377196359     
   0.0000000000000000     
           5           7          -1
obdef
loc1d
   0.6666666666666666
kind
          -3
 10800          0
   8.0000000000000000     
 OBS            7
  -2.3713834334591164     
  -2.8228167858265847     
   0.0000000000000000     
           6           8          -1
obdef
loc1d
   0.0000000000000000
kind
          -1
 21600          0
   8.0000000000000000     
 OBS            8
   2.0040489020387522     
  0.50067217519013230     
   0.0000000000000000     
           7           9          -1
obdef
loc1d
   0.3333333333333333
kind
          -2
 21600          0
   8.0000000000000000     
 OBS            9
   24.157595328358674     
   26.172540044241046     
   0.0000000000000000     
           8          -1          -1
obdef
loc1d
   0.6666666666666666
kind
          -3
 21600          0
   8.0000000000000000     
